Start testing: Sep 19 04:25 SAST
----------------------------------------------------------
1/1 Testing: HostLogicTests
1/1 Test: HostLogicTests
Command: "/mnt/c/Users/jacky/Documents/GitHub/Microcontroller-Drivers/build_tests_check/host_tests"
Directory: /mnt/c/Users/jacky/Documents/GitHub/Microcontroller-Drivers/build_tests_check
"HostLogicTests" start time: Sep 19 04:25 SAST
Output:
----------------------------------------------------------
All Ring Buffer tests passed.
<end of output>
Test time =   0.01 sec
----------------------------------------------------------
Test Passed.
"HostLogicTests" end time: Sep 19 04:25 SAST
"HostLogicTests" time elapsed: 00:00:00
----------------------------------------------------------

End testing: Sep 19 04:25 SAST
