Start testing: Sep 19 04:32 SAST
----------------------------------------------------------
1/1 Testing: HostLogicTests
1/1 Test: HostLogicTests
Command: "/mnt/c/Users/jacky/Documents/GitHub/Microcontroller-Drivers/build_ci_final/host_tests"
Directory: /mnt/c/Users/jacky/Documents/GitHub/Microcontroller-Drivers/build_ci_final
"HostLogicTests" start time: Sep 19 04:32 SAST
Output:
----------------------------------------------------------
All Ring Buffer tests passed.
<end of output>
Test time =   0.02 sec
----------------------------------------------------------
Test Passed.
"HostLogicTests" end time: Sep 19 04:32 SAST
"HostLogicTests" time elapsed: 00:00:00
----------------------------------------------------------

End testing: Sep 19 04:32 SAST
